<?xml version="1.0" encoding="UTF-8" ?>
<testsuite failures="0" time="0.78" errors="0" skipped="0" tests="1" name="com.bj58.wf.mvc.testers.BindDataTest">
  <properties>
    <property name="java.runtime.name" value="Java(TM) SE Runtime Environment"/>
    <property name="sun.boot.library.path" value="E:\develop\jdk1.7.0_67\jre\bin"/>
    <property name="java.vm.version" value="24.65-b04"/>
    <property name="java.vm.vendor" value="Oracle Corporation"/>
    <property name="java.vendor.url" value="http://java.oracle.com/"/>
    <property name="path.separator" value=";"/>
    <property name="java.vm.name" value="Java HotSpot(TM) 64-Bit Server VM"/>
    <property name="file.encoding.pkg" value="sun.io"/>
    <property name="user.script" value=""/>
    <property name="user.country" value="CN"/>
    <property name="sun.java.launcher" value="SUN_STANDARD"/>
    <property name="sun.os.patch.level" value="Service Pack 1"/>
    <property name="java.vm.specification.name" value="Java Virtual Machine Specification"/>
    <property name="user.dir" value="F:\我的项目\youjia\wf"/>
    <property name="java.runtime.version" value="1.7.0_67-b01"/>
    <property name="java.awt.graphicsenv" value="sun.awt.Win32GraphicsEnvironment"/>
    <property name="basedir" value="F:\我的项目\youjia\wf"/>
    <property name="java.endorsed.dirs" value="E:\develop\jdk1.7.0_67\jre\lib\endorsed"/>
    <property name="os.arch" value="amd64"/>
    <property name="surefire.real.class.path" value="F:\我的项目\youjia\wf\target\surefire\surefirebooter3039583122890477023.jar"/>
    <property name="java.io.tmpdir" value="D:\Users\liu\TEMP\"/>
    <property name="line.separator" value="
"/>
    <property name="java.vm.specification.vendor" value="Oracle Corporation"/>
    <property name="user.variant" value=""/>
    <property name="os.name" value="Windows 7"/>
    <property name="log4j.configuration" value="log4j.properties"/>
    <property name="sun.jnu.encoding" value="GBK"/>
    <property name="java.library.path" value="E:\develop\jdk1.7.0_67\jre\bin;C:\Windows\Sun\Java\bin;C:\Windows\system32;C:\Windows;E:/develop/jdk1.7.0_67/bin/../jre/bin/server;E:/develop/jdk1.7.0_67/bin/../jre/bin;E:/develop/jdk1.7.0_67/bin/../jre/lib/amd64;C:\Program Files (x86)\Intel\iCLS Client\;C:\Program Files\Intel\iCLS Client\;C:\Windows\system32;C:\Windows;C:\Windows\System32\Wbem;C:\Windows\System32\WindowsPowerShell\v1.0\;C:\Program Files\Intel\Intel(R) Management Engine Components\DAL;C:\Program Files\Intel\Intel(R) Management Engine Components\IPT;C:\Program Files (x86)\Intel\Intel(R) Management Engine Components\DAL;C:\Program Files (x86)\Intel\Intel(R) Management Engine Components\IPT;D:\绿色软件\Windows7Master;D:\Program Files\TortoiseGit\bin;D:\Program Files\TortoiseSVN\bin;C:\Program Files (x86)\Windows Kits\8.1\Windows Performance Toolkit\;C:\Program Files (x86)\Microsoft SDKs\TypeScript\1.0\;E:\develop\jdk1.7.0_67\bin;E:\develop\jdk1.7.0_67\jre\bin;d:\Program Files (x86)\OpenVPN\bin;D:\MinGW\bin;e:\develop\eclipse;;."/>
    <property name="surefire.test.class.path" value="F:\我的项目\youjia\wf\target\test-classes;F:\我的项目\youjia\wf\target\classes;D:\Users\liu\.m2\repository\com\google\guava\guava\13.0.1\guava-13.0.1.jar;D:\Users\liu\.m2\repository\com\google\inject\guice\3.0\guice-3.0.jar;D:\Users\liu\.m2\repository\aopalliance\aopalliance\1.0\aopalliance-1.0.jar;D:\Users\liu\.m2\repository\org\javassist\javassist\3.17.1-GA\javassist-3.17.1-GA.jar;D:\Users\liu\.m2\repository\org\apache\velocity\velocity\1.7\velocity-1.7.jar;D:\Users\liu\.m2\repository\commons-collections\commons-collections\3.2.1\commons-collections-3.2.1.jar;D:\Users\liu\.m2\repository\javax\servlet\javax.servlet-api\3.0.1\javax.servlet-api-3.0.1.jar;D:\Users\liu\.m2\repository\org\apache\tomcat\tomcat-servlet-api\7.0.4\tomcat-servlet-api-7.0.4.jar;D:\Users\liu\.m2\repository\org\slf4j\slf4j-api\1.7.2\slf4j-api-1.7.2.jar;D:\Users\liu\.m2\repository\org\slf4j\slf4j-log4j12\1.7.2\slf4j-log4j12-1.7.2.jar;D:\Users\liu\.m2\repository\log4j\log4j\1.2.16\log4j-1.2.16.jar;D:\Users\liu\.m2\repository\commons-fileupload\commons-fileupload\1.3.1\commons-fileupload-1.3.1.jar;D:\Users\liu\.m2\repository\commons-io\commons-io\1.4\commons-io-1.4.jar;D:\Users\liu\.m2\repository\dom4j\dom4j\1.6.1\dom4j-1.6.1.jar;D:\Users\liu\.m2\repository\xml-apis\xml-apis\1.0.b2\xml-apis-1.0.b2.jar;D:\Users\liu\.m2\repository\junit\junit\4.8\junit-4.8.jar;D:\Users\liu\.m2\repository\javax\inject\javax.inject\1\javax.inject-1.jar;D:\Users\liu\.m2\repository\commons-beanutils\commons-beanutils\1.8.3\commons-beanutils-1.8.3.jar;D:\Users\liu\.m2\repository\commons-logging\commons-logging\1.1.1\commons-logging-1.1.1.jar;D:\Users\liu\.m2\repository\commons-lang\commons-lang\2.5\commons-lang-2.5.jar;D:\Users\liu\.m2\repository\org\codehaus\jackson\jackson-mapper-asl\1.6.1\jackson-mapper-asl-1.6.1.jar;D:\Users\liu\.m2\repository\org\codehaus\jackson\jackson-core-asl\1.6.1\jackson-core-asl-1.6.1.jar;D:\Users\liu\.m2\repository\org\easymock\easymock\3.2\easymock-3.2.jar;D:\Users\liu\.m2\repository\cglib\cglib-nodep\2.2.2\cglib-nodep-2.2.2.jar;D:\Users\liu\.m2\repository\org\objenesis\objenesis\1.3\objenesis-1.3.jar;"/>
    <property name="java.specification.name" value="Java Platform API Specification"/>
    <property name="java.class.version" value="51.0"/>
    <property name="sun.management.compiler" value="HotSpot 64-Bit Tiered Compilers"/>
    <property name="os.version" value="6.1"/>
    <property name="user.home" value="D:\Users\liu"/>
    <property name="user.timezone" value="Asia/Shanghai"/>
    <property name="java.awt.printerjob" value="sun.awt.windows.WPrinterJob"/>
    <property name="java.specification.version" value="1.7"/>
    <property name="file.encoding" value="GBK"/>
    <property name="user.name" value="Administrator"/>
    <property name="java.class.path" value="F:\我的项目\youjia\wf\target\test-classes;F:\我的项目\youjia\wf\target\classes;D:\Users\liu\.m2\repository\com\google\guava\guava\13.0.1\guava-13.0.1.jar;D:\Users\liu\.m2\repository\com\google\inject\guice\3.0\guice-3.0.jar;D:\Users\liu\.m2\repository\aopalliance\aopalliance\1.0\aopalliance-1.0.jar;D:\Users\liu\.m2\repository\org\javassist\javassist\3.17.1-GA\javassist-3.17.1-GA.jar;D:\Users\liu\.m2\repository\org\apache\velocity\velocity\1.7\velocity-1.7.jar;D:\Users\liu\.m2\repository\commons-collections\commons-collections\3.2.1\commons-collections-3.2.1.jar;D:\Users\liu\.m2\repository\javax\servlet\javax.servlet-api\3.0.1\javax.servlet-api-3.0.1.jar;D:\Users\liu\.m2\repository\org\apache\tomcat\tomcat-servlet-api\7.0.4\tomcat-servlet-api-7.0.4.jar;D:\Users\liu\.m2\repository\org\slf4j\slf4j-api\1.7.2\slf4j-api-1.7.2.jar;D:\Users\liu\.m2\repository\org\slf4j\slf4j-log4j12\1.7.2\slf4j-log4j12-1.7.2.jar;D:\Users\liu\.m2\repository\log4j\log4j\1.2.16\log4j-1.2.16.jar;D:\Users\liu\.m2\repository\commons-fileupload\commons-fileupload\1.3.1\commons-fileupload-1.3.1.jar;D:\Users\liu\.m2\repository\commons-io\commons-io\1.4\commons-io-1.4.jar;D:\Users\liu\.m2\repository\dom4j\dom4j\1.6.1\dom4j-1.6.1.jar;D:\Users\liu\.m2\repository\xml-apis\xml-apis\1.0.b2\xml-apis-1.0.b2.jar;D:\Users\liu\.m2\repository\junit\junit\4.8\junit-4.8.jar;D:\Users\liu\.m2\repository\javax\inject\javax.inject\1\javax.inject-1.jar;D:\Users\liu\.m2\repository\commons-beanutils\commons-beanutils\1.8.3\commons-beanutils-1.8.3.jar;D:\Users\liu\.m2\repository\commons-logging\commons-logging\1.1.1\commons-logging-1.1.1.jar;D:\Users\liu\.m2\repository\commons-lang\commons-lang\2.5\commons-lang-2.5.jar;D:\Users\liu\.m2\repository\org\codehaus\jackson\jackson-mapper-asl\1.6.1\jackson-mapper-asl-1.6.1.jar;D:\Users\liu\.m2\repository\org\codehaus\jackson\jackson-core-asl\1.6.1\jackson-core-asl-1.6.1.jar;D:\Users\liu\.m2\repository\org\easymock\easymock\3.2\easymock-3.2.jar;D:\Users\liu\.m2\repository\cglib\cglib-nodep\2.2.2\cglib-nodep-2.2.2.jar;D:\Users\liu\.m2\repository\org\objenesis\objenesis\1.3\objenesis-1.3.jar;"/>
    <property name="java.vm.specification.version" value="1.7"/>
    <property name="sun.arch.data.model" value="64"/>
    <property name="java.home" value="E:\develop\jdk1.7.0_67\jre"/>
    <property name="sun.java.command" value="F:\我的项目\youjia\wf\target\surefire\surefirebooter3039583122890477023.jar F:\我的项目\youjia\wf\target\surefire\surefire5757653505497429365tmp F:\我的项目\youjia\wf\target\surefire\surefire1129339929235925635tmp"/>
    <property name="java.specification.vendor" value="Oracle Corporation"/>
    <property name="user.language" value="zh"/>
    <property name="awt.toolkit" value="sun.awt.windows.WToolkit"/>
    <property name="java.vm.info" value="mixed mode"/>
    <property name="java.version" value="1.7.0_67"/>
    <property name="java.ext.dirs" value="E:\develop\jdk1.7.0_67\jre\lib\ext;C:\Windows\Sun\Java\lib\ext"/>
    <property name="sun.boot.class.path" value="E:\develop\jdk1.7.0_67\jre\lib\resources.jar;E:\develop\jdk1.7.0_67\jre\lib\rt.jar;E:\develop\jdk1.7.0_67\jre\lib\sunrsasign.jar;E:\develop\jdk1.7.0_67\jre\lib\jsse.jar;E:\develop\jdk1.7.0_67\jre\lib\jce.jar;E:\develop\jdk1.7.0_67\jre\lib\charsets.jar;E:\develop\jdk1.7.0_67\jre\lib\jfr.jar;E:\develop\jdk1.7.0_67\jre\classes"/>
    <property name="java.vendor" value="Oracle Corporation"/>
    <property name="localRepository" value="D:\Users\liu\.m2\repository"/>
    <property name="file.separator" value="\"/>
    <property name="java.vendor.url.bug" value="http://bugreport.sun.com/bugreport/"/>
    <property name="sun.cpu.endian" value="little"/>
    <property name="sun.io.unicode.encoding" value="UnicodeLittle"/>
    <property name="sun.desktop" value="windows"/>
    <property name="sun.cpu.isalist" value="amd64"/>
  </properties>
  <testcase time="0.689" classname="com.bj58.wf.mvc.testers.BindDataTest" name="testMain"/>
</testsuite>